3 7
2 14
7 8
7 12
1 12
6 3
1 15
9 7
3 1
10 7
1 1
6 6
9 3
6 11
4 16
11 6
7 3
2 18
4 7
4 6
2 18
8 7
7 1
4 2
5 3
5 4
9 10
1 10
6 11
6 2
8 6
8 3
9 4
8 13
4 16
7 11
6 1
4 11
7 12
2 8
3 5
4 2
1 5
9 4
7 5
7 11
10 10
8 3
3 12
8 5
3 10
1 3
8 8
2 5
6 4
2 17
8 8
10 9
10 5
9 4
4 11
8 12
7 6
7 9
2 2
7 6
7 8
2 14
8 5
9 11
1 10
9 8
5 7
2 5
9 6
6 9
10 9
6 5
6 12
5 14
8 4
5 16
3 3
9 3
8 11
3 16
7 4
10 9
9 4
5 2
8 12
9 9
10 8
10 11
8 6
9 2
7 10
2 15
8 12
5 9
