89 88
204 209
64 124
110 240
222 241
95 376
149 91
24 451
113 168
68 359
110 253
205 29
202 108
26 323
207 209
176 38
63 29
64 174
22 362
58 339
3 177
58 107
113 148
72 146
222 186
233 157
89 29
47 19
121 71
230 226
16 447
171 329
45 253
171 297
98 100
18 483
174 311
79 43
244 125
61 347
24 172
112 92
131 108
160 62
228 17
97 206
208 56
107 65
132 152
119 252
158 160
14 147
109 294
244 161
193 254
72 143
52 40
188 138
190 308
54 122
204 36
144 214
162 226
185 92
77 414
13 481
60 50
194 252
62 21
224 138
44 45
199 81
83 361
76 399
44 457
139 134
48 284
83 108
184 225
11 96
31 288
181 211
244 165
208 24
174 18
146 188
135 180
116 56
31 114
218 207
25 313
125 215
140 106
43 205
150 278
221 104
129 238
154 218
199 226
146 42
