35 46
6 24
5 17
13 61
42 37
23 64
18 60
20 27
15 23
33 65
17 2
50 8
41 46
11 48
34 15
35 17
19 67
34 53
30 55
3 49
41 47
48 47
44 46
48 28
18 4
1 71
33 7
48 32
4 46
35 34
33 11
42 42
30 38
49 3
28 44
36 65
32 17
46 54
3 40
8 27
46 45
11 25
24 10
4 87
25 25
30 21
3 76
5 22
5 60
22 44
45 25
41 14
19 35
10 25
10 34
35 54
44 25
25 2
7 42
26 47
45 36
48 14
22 77
45 46
19 47
3 74
45 15
33 34
10 13
28 73
8 14
34 67
14 17
49 32
19 17
5 73
6 65
38 26
20 27
27 73
13 76
9 60
5 44
7 36
1 86
50 17
4 57
7 55
27 24
44 25
35 36
44 53
10 46
12 64
47 8
8 20
33 67
25 21
25 8
38 14
