1 177
328 395
86 393
335 214
399 583
304 296
477 290
261 520
173 511
316 167
486 182
409 481
237 520
461 371
79 183
322 516
490 130
471 477
58 416
145 200
391 465
363 492
91 628
95 670
407 86
378 395
217 455
396 356
89 91
323 37
326 75
356 366
130 753
386 330
326 546
34 345
299 171
326 78
264 175
172 428
47 86
384 593
460 394
256 278
147 55
160 24
225 9
114 185
447 34
461 399
484 294
330 303
387 65
332 505
57 302
175 439
395 406
431 255
452 258
294 119
4 228
367 633
412 325
440 147
125 73
476 209
183 717
334 363
26 96
169 222
146 294
337 318
79 408
40 193
175 331
55 327
495 39
411 215
131 570
313 584
48 92
315 150
477 3
157 508
67 638
398 307
444 364
44 706
333 377
270 3
303 457
257 12
163 774
207 127
68 595
315 568
260 392
395 452
429 443
385 226
