0001101011000000000100000000001010000000000000000000000000000000000000000000001000000000000000110000
0010011011010000000000110000000000000000000000000000000000011000000001000000010001100000000001001000
0010010111010000000110000000001010000000000000000000000000100100110101000000100000100000000001111100
0011100000110000000100000000000000000110000000000000000001001101101101100000110010000000000000010000
0000000000000000001110000000000000000101000000000000001100000111000011100000000000000100000000001010
0000000000110000000000001010000000000101100000000001110000001111010101100000000000000000110000000000
0000001001010000000111101011000000001101001010000101011000010000110110000000000001001100001000001000
0000010000100000110000001010000000010001010010001000100000010000111000000000000010001000010100000010
0000001000000000100111100000000000010001001010000110011001000000010110000001000011000010011100010001
0000000000000000011111110000000000000001000000000000001100000000111111000011001100110010011000100000
0001000000000000000001000011000000000001000000000000000000000000100001000101000001010100000000000100
0001000000011000000000100010100000000000000000000000000000000000000001100101001000000000000000000100
0000000000110000000000000010101000000000000000000100000000100000000000000011000100011000000011000100
0000000000000000000001000000110000000000000000010100010000000000000000000000000010000001000010000000
0000000000000000000000010000000000000000000000100010010000110000000110000000000000000011000000010001
1100000100000000000000000000000000000000000000000010100011000100010011000011000000000101000001010101
1000011111100000000000000010000000000000000000010010000000000010010000110100100000001100000001010000
1100001100000000000000100011000000000000000000000000100100001111100000010100100000001110000111100101
1100000100000000000010010101000000000110000000000000100100000000101111000000000000000010000000001101
0000000000100000000100000000000000000110000000000000000110000000110110000000000000000001000000000100
0100010001100000000100000111000100000000000000000000001100000000000000100000011100000001110000000000
1010010100110000000100011001010110000000000000000000000000001000000000110000000000001010101000000010
0100001110010000000001000001000111000000000000000000000000010111000000100100000110011000100100000100
0000001110100000000000000100000101000000000000000000000000100010100000010011000101111001110000000110
0000000100001000000000111100000101000000000011100001100000010000110000010010000100100011100100101001
0000000011110000000000001100001010000000000011010000100000001111000110000010010011000001101101011010
0000000000110000000000000010011011100000000110101011000000000100110110000100011110000001100000011000
0000000000000000000000000011011001010000001000001100000000000000011111000000000010000000100000000000
0010000000000000000000111000110011011000010100001000100000000000000001100000000000000101101100000000
0011000000000000000000001111000000000000011100000101100000000000110001110001100000100000100100110000
0000010000000000111001111100000000000000011010000010000011100000110001100011100000000100011001011110
0000000000000101000000110000000000000000000110000000000001110000000000001000100000000110000001100001
0100011000000101100100000000000000000000000000000000000000110000001110001011100000001010000000011000
1000110000000000011000010100000000001000000000000000000000011110000110000100000000000000000000011000
1001000000011000000000010100000000010100000000011101000000000010000000000001110000000000000000000011
0101000000111110000000000000000000000000000100011100000000000010000000000000100000000000000000000100
0101000001010001000000110000000000000000001111000000000111000000000000000100010011111001000110000000
0000000011001101000000000011000000000000010011100000001000100000000001101000001000011111000110000000
0000000001011000111000000010011100010000011100100000010000010000000001110000000011010000011000101100
0000000000110000001000001110111000001000010011000000001000100000000000101010000010000000000000100100
0000000000110000001101000001110000001100001000000000000111000000110000011010000100000100000001001000
0000000000000000000011001011001000100110000000000000000000000011110000000010010110001100101010000000
0000000000000000000000100010000100000110011000000000000000001111000000011010001100000101110000000000
0000000000000000000000001011000000000110000000000000000000010001011000011010110111000101000000000000
0000111011000000010010000000000000000000000000000000010000100010011000000010000000001101000000000000
0000100100100000011100010100000001010000000010000001101000010110000110000001110110000011100001100000
0000011100100000011100001001110001010000011101000011000100001000001110000000101000000000000100010000
0000000010100000110000000001110001010000100010000001000000100000001110000000000011100000000100001000
0000000010000000010000000000100000000000000111100000000011000100110000000000000000010000000100001100
0000101010111000010001000000000000000000110001100001100110000110111000000000000000110000000000000000
0000100001010000011011000000000000000000000010010001101010000111010000000000000000100000000001100000
0000101000000001001100000000000000000000000001100000000000110001111000001000000000000000000000000000
0000111000001001011100000001101100011000000010010000000011001111011100011100000000000000000100000000
0001010000000001000000000000001100110000000001010000000001001101101100110110000000001100000100000000
0000100000111000010000000000011100100100000000001000000010100000111101001001000000011100000011000000
0011000001111000100000000000001100100100000001000110000000000001001100000001100000000011000000000000
0101000011000000000000000000000101101000010010000110000000000011011111000010100001000001000100000000
0000100110001100000000000000000110000100001110001000000000000000100011111111000110001001000000000000
0101000000000000001000000000000110011000000000001000000000000000010010000100000111100110000000000000
0010000100000000000000000011000111000000000011100000000000000000000001101000111011010000000000000000
0100000000000000000001110011101000000100100010000010000000000000011110101100111000001000000000000000
1000111100000000000000001011000000000000011011000101000000000000000100001101111101011000000000000000
0000000000000000000100101110100010000000000011000101000000000000000100000001101100000000011000000000
0000000100000000000000000100100000000000000000000010000000000000000000000000000000100000000100010000
1000001000000000000000000001010010000000000000000000000000000000000000000000001001100011101100101000
1000010000100000000000000011001000000000000000000000000000000011000000000000000000100010111000000000
0101100001010000000000000100000000000000000000000101000000000011000000100000001011100000001100010000
0000000001010000000000000000000000000000000000000100100110000001100001001000001000010000001011111000
0011100000100001000000000001010111000000000000000100100011000000111001000011000110010000000001010100
0001110000000001100001111000011111100000000110000010100011100000110101100011000110110000000100010110
0011101100000010010001001000011111100000000000000011100000101000000101000000000000000000000101010000
0011000010000001110000000000000000000000000000000000000101001100000001001100011000000000111100011110
0000000100000000100001001011000000000000000000000000001001000100001110000100111000000000110001110110
0001001000000000000000110010100000000010000000000000000001000000001100000010011000000000010011001011
1001000000000111000000000001100011100011100000000000001111110100000000000011100000000000100001001011
0110000000001101100000110000100101001011101110000000011101101100000000010001000000111000100000000101
0110011100001100010010000001000101011000000001000000010000100100100000111000000001000001100010001101
0100011011000000111110100000000110011001110001000000000100001100000000101100000001100000100000000101
1010000000100000011100000000000000000111001101000000001100000000000000000010000001101000001010110011
1010000000110000000000000000000000000000000100100000010000000000000000000001000000010000000110000000
1010000000011100000010000000000000000000000011000000001001101000000000000111101110011000001100000000
1000010110000100001100000100000000011100001100100000000000100100000000010111001010000000000000010100
0000000001101000000101101010000000011100001001000000010011100110000110010100000000000000000000010010
0001000001101000000101001010000000000010000111000000100000000110101110110011000000000000000000001100
0011000000100000000011000100000000011100000010000000100110100110101110000011100101010000000000000000
0011000000100000000000000000001111101100000000000000010100100010101100000100000010101001110000000000
0000000000000000000000000001000111100000000000000000001000010000101000000100011010000100000000000000
0000000000001000000000000011100000000000000111000000000000100111000000000100100010011000000011000000
0000000000110000000000011000000001000000110011000000000100000110001100001000001100010100000100000000
0000000000000000000000100001010010000000100011000000000010100000011000011000101100011100000100001010
0000000000000000000000100011100000000011101000000000000001100110010000001000110000011011000000001011
0000000000000000000000010000100101000011101110000000100000000000000000000001000100000001110011000101
0111000000000000000011000100001100000000101110000001000011000000000001000000001011010100001000000000
1001000000000000000011000101100100000011001100110001000011000000000101111100010000110000100000000000
1011000000000000000000000000000100000010000111000111000001000000011100111010001100000000010100000000
1010000000101011100000000000000010000000000011100010000101000000011100010010000010010000001110000000
0110000000110001110000000000000010001000000000011000010001000000011100000000000010100000000110000000
0010000001011000000100001100000001011000000000000111100101000000011100000000000001000000000100000000
0000000000010000010010010010000000000000000000000001000101000000010010000000000000000000001101000000
0000000000001100010010001100000000000000000000000000000011000000001100000000000000000000000110000000
