0000011110000000000000000000011100000000000000000000000000000000000000000000000000000000000000000000
0000100000011000000011000000110100000000000000000000000000000000000000000000000001000000000100000000
0000110000010011110110100000011100000000000000000000000000000000000011000000000010010000001011000000
0000000000010001100010000000001100000000000000000000000000000000000101100000000000001000011000001110
0000000001101010000100000000000100000000100000000000011100000110000100010000000001000010000010000000
0000000001000000110000000000000000111000110001011000010100001001000011100000110001000010000111010100
0000000000110000110000000000000001110010000001000000010100000010000001000000000001000000000011011100
0000000000010000000000000000000011100001000110110110001000010000000000000010010000010000000000000000
0000000000110000000000000000000110000000100001111000000000010010000000011010000000000000000000000000
0000000000000000000000000000000010001000100101000000000000100010000000010001000000000000000000000000
0000000000010000000000000000000000110000100011000000000000011101000000001110000000000000000000000000
0000001100010100000000000000000000110001000010000000000000001111000000000100000100000000000000000000
0000001110000100000000000000000000000000000000000000000000000000000000000000000100000000000000000000
0000110110110000000000000000000000111000000000000000000000000000000110000000000100011000000000000000
0001000000000000000100111010000000001000000000000000000000000000110101100000000000011001110010000000
0001001111100000011001000101000000110000000000000000000000110110100011110000000000101001100011001000
0001000100010000011101111011000000000000000000000000000000010100010110001000000000010011000010100000
1100110000110000000000000010000000000000000000000000000000001000001110000000000000000001100010001000
1100000000110000000000000000000000000110000000000101000000000000000001110000000000000001000011100000
0000000000001000000100001000001000011001000000000110000000000000000000000000000000000111000000100000
0000011000010100001100011100010100000011000000000011100000000000000000000000000000001000000000000011
0000011000011000001000000110001000000011000000000000001000000100000000000000000011100000000000111011
0000000000000000000100110000000000100100000000011011001000011011000000000000000100011000001110001010
0000000000000000011100000000000000000100000000010000000100000011000000000000000101001000001110010000
0000110000000000011100011000000111001000000000100101000100011010000000000000000010000000001100110000
0001001011100000000000011000000100000000000000001000000000000100000000000000000000000000000010011000
0000110000000000000000011000000011000000000000010000010000000000000000000110000000000000000001100000
0000000000000000000000000000000000000000000000010000101000000000000000001001000000000000000011100000
0000000000000000001110000000000000000000000000101000000000000000000000101000100000000000000000000000
0000000100000000010010000000000000000000000000011001000000000000110011000000010000011000000000000000
0000000100000000010010010000000000000000000000001111000000000001001000100100011000010100000000000000
0000000000000001000011001000000000000000000000000000000000000000110000110010001000010100000000000000
0000000000000000000000110000000000000000000000000000000001110000000000011100111000000000000000000000
0000000000000000110001000000000000000000000000000000001000000000000000001000000000000000000000000000
0000000000000000000110000000000100000000000000000000011100000000000000000000000000000000000000000000
0000000000000001001000000001111000000000000000000000100110000000000000000000000000000100000000000000
0000000000000001001000001110001000000000000000000000000010000000000000000000000000010010000000000000
0000000000000000100000110100010000000000000000000001110001000000000000000000110110000000000000000000
0000000011000000000100010000100000000000000000000000100010100000000000000001000000100001000000000000
0010000100011000000101000011000000000000101000000000000010100000000000000000000011000010000000000000
0111000010000100000001011100000000000001001000000000000010100000000000000000111101100110000000000000
1010110011000000000000100000000000000001011100000001110000000000000000000000000000100001000000000000
1010110000001100000000011100000000000000000000000110010000000000000000000000000000100011000000000000
0001110000000000110000000000000000000000000000000110100000000000000000000000000000001100000000000000
1100000000000001001000100100000011100000000000001000110100000000000001010000000000000000001000000000
0000000000000000000000101000000010011011000000000100000010010000000000001000000000000000001100000000
0001100000000000101000010000000010010100100000000100011000010000000000000000000000000000111110000000
0011100000000000011000000000000001101101000000000001111100010000000001000000000000000001010001000000
0000000000000000000000000000000000000001000000000000000011010000000000110000000000000000010001100000
0011001011000000000000000000000000000000000000000000000000110000001011011001000000101100000001110000
0011001111000000000000000000000000000000000000000000000000000000010000010110110000010010010101000000
0000010000100001100000000000000000000000000000000000000000000000000000100011101000111010100110000000
0000000000000001100000000011000000000000000000000000000011000000001011000000011100010010011100000000
0000000000000000000000000100010000000000000000000000000100100000001000000000001101000011110000000000
0000000000000000000000001100010000000000001000000000000011000000001001001100000110100001000000000000
0000000000000000000011101101010000000000111110000000000000000000010001000011000010110000000000011000
0000000000000000000010000000010000000001100011000000000000000000000000001000000111000000000001101100
0000000110000000000001011101100000000000100000000000000000000000001100001000101100011000000001110000
0000000111000000000000011100000000000010100100000000000000000000000101000000001001011000000001110100
0000001110000001100000010000000000001000100000000000000001001000000010001001001001100000000001001000
0011010100000001100000110000000000001000000000000000000011010000000000000110000100000000000001111100
0011010011000000000001001000000000000110110000000000000000010001100000000000000010100000000001000000
0011000010100000000000110000110000000001100000000000000000011110010000000000000001100000000000000111
0001000001000000000000000001000000000001001000000000000000111000010000000000000000000000000000000000
0000100000000000000000000000001000000000110000000000000000100000100001100000000000000000000000000110
0000100100000011011000000000100000001100000000000000000001000000000010010000000000010000000000110110
0000100010000000010000000000011001001110000000000000000000110001000010010000000000111000000000100010
0001100010000010010000000001010000011100101000000001110000110001000001100000000000111000000000011100
0000100000000000100000000010110100000001001000000111101000000110000011000000000000000100000000000000
0000100100000100110000000000000010001110001000001111001000111000000110000000000000000011000000000000
0000100011111001000000000000100001111000010000000000100100110000001000000000000000000011000000000000
0000110001101011001110001011100001100110100000000000110110000000001000000000000000000000000000000000
0001000000100011001000010000100000000000000000000000000100001101000011000000000000000001000000000000
0011000001100100001010010111100000000000000000000000000000000111001100000001000000000001110000000000
0011000001110000000110011001101110000000000000000000000010100000000000000001011011000010000001100000
0000000100000010000000001111010000000000011000000000000011000000000000000110000101000001011011010000
0000000100000010000000000101000001000000100100000000000011111000000011100110001000000011011000110000
0000000000000000000000000001010001000000011000000000000110011000000010110111110000000010000010000000
0000000000000000000000000001000000000000000000000000000000011100000100110111000000111110001111000000
0000000000000000000000000000010001001010000000000000000001101000000010001100000110010100001001000000
0000100000000000000100000000110001001001000000000000000000110000000010000000000101000001000101000000
0001110000000000001110000000111000001010000000000000000001100000011001010000000000000001000010000000
0011111000000000011011000000110000000000000000000000000111000000011000100000000000100001000000000000
0100000100000000001110000001001000000001000000000000000101000000000000000000000000000000000000000000
1100100110000000000100000000110001000111000000000000000100100000000000000000000010010000000000000000
1101010011000000000000000000000011101111000000000000000110110000000000000000001110010000000000000000
0000100100000000000001100000011100000100000000000000000001000000000000000000010110010000000000000000
0000000000000000000010100000111111011000000000000000000000000000000000000000000011100000000000000000
0000000000000000000001000000000011000000000000000000000000000000000000000000100100000000000000000000
0001100000000000000000000000011000000000000000000000001100000000000000000000101000000000000000000000
1010000000000000000010000000000000000000000000000000011000000000010000000000010000000000000000001100
1110100100000000001101000000000000001100000000000000001001000000011000000000000000000000000100001011
0101010011011100010001100000000000010010000000000000000111000000100100000000000000000000010100000011
0000100001010100011000110000000000000100000011000000011001000000001100000000000010000011100001000000
0000100100011000100011001000000000000000000011000010101000000000101000000000000011000001100010100011
0011111000000000110000000100000000000000000000000010101110000000101000000110000001100111000000010000
0111000000000000100001001000000100000000000000000011000010000000101000000110000000100011000100001000
1000100000000000010001110000001011000000000000000100000011100000110000000000000000011110101110001000
0111000110000000000000000000001010000000000000000101000101000000000001100000000000111011110001110000
0010000110000000000000000000000100000000000000000111000110000000000001100000000000100001100000000000
