0000000000000000000000000000000000110000001100000000000000000000000000000000000000000000000000000000
0000000000000000000000000000000000110000010010000000000000000000000000011000000000000000000000000010
0000010000000000000000000000000000000000010010000000000000000000000000100100000000000000000000000010
0000001000000000000000000000000000000000110110000000000000000000000000101100000000000000000000000010
0000001010000000000001110000000001100000011000000000000000000000000000101111100000000000000000000000
0000010000000000000000000000000001110000000000000000000000000000000000000100000000000000000000000000
0000001001000000000000000000000010010000000000000000011100000000000000000100100000000000000000000000
0001111100100000100000000000000111110000000000000000100010000000000000001010100000000000000000000000
0000101111000001010000000000000110110000000000000000100010000000000001101000110000000000000000001100
0000111110000010001000000000000011100000000000000011000001100000000001101000110000000000000001010010
0000100100000100000100000000000001000000000000000100001000010000000001101000110000000000000011000011
0000110110000100000100000000000000000000000000000100010100010000000000010000000110000000000100001011
0000000110000000000110000000000000000000000000000100001000010000000100010000000101000000000100000011
0000000000001101010100000000000000000000000000000011000001100000001000100000010001100000000000011010
0000000000010001001110000000001100000000000000000000100010000000001001000001011000110000000000000110
0000000000000010001110000000010010000000000000000000100010000000001100000000100000110000000011000000
0000000000001000000000000000001010000000000000000000011100000000001100001100000000000000000000100100
0000000001110000000010100001000100000000000000000000000000000100001110001100000010000000000000001100
0000000111110000000011111000100000000000000000000000000000001010001000011100000000000110000000001010
0000001000000000000001000000110000000000000001100000000000001010001110001100000010000010000000000000
0010001001000000000000100001010000000000000001100000000000000100010001100000000000000010000000000000
0101001000100000000000011100000000000000000000000000000000000000100001000000000001100100000001000000
0101000000010000000000000000110000000000000000000000000000000001000010000000000010000000011101100000
0010001100001000000000000001010000000000000000000000000000000000000100000000000010000000010000110100
0000000000011000000000001000110000000000000000000000000000000000000000000000000010000110000000011011
0000000000001000000000010100000001110000000000000000000000000000000110000000000001111000000000011011
0000000010000000000000001100000001110000000000000000000000000000100010000000000000000000000000000100
0000000010000010000000000000000010010000000000000000011000011000011100000000000000000000000000000000
0000000000000001100000000000010111000000000000000000011000011000000000000000000000000000000000000000
0000000000001101100010011000101011011000000000000000000000000000000000000000000000000000000000000000
0000100000001101100100000101100110001000000001100000000000000000000000000000000000000000000000000000
0000100001111000000010000101100010101000000001100000000000000000000000000000000000000000000000000000
0000010001111000000000001001000010110000000000000000000000000001100000110000011000000000000000000000
0000000010000000000000000001000001000000000000000000000000000000001001010000111000000000000000000000
0000000100000000011000000000110110000000000000000000000000000110000011100001100110000000000000000000
0000001101000000011000000000000000000000000000000100110000000000000100000000100000000000000000000000
0000001101011000000000000000000000000000000000001000111000000000001100000000000000000000000000000000
0000010111001000000000000000000000000000000000001100000110000000001000000000001000000000000000000000
0000001110001000000000000000000000000000000000000000110101100101110000000000001100000000000000000000
0000000110010000000000000000000000000000000000001110110001001000010000000000010010000000000000000000
0000000011100000000000000000000000000000000000000100000100110110000000000000001100000000000000000000
0000000000000000000000000010000000000000000000000100000000110000000000000000000000000000000000000000
0000000000000000000000001000000011100000000000000000000100000000000000000000000000000000000000000000
0000000000000000000000010100000100100000000000000000100100110000000000000000000000000000000000000000
0000000000111000000000011000000100100000000000000001001110000010100000000000000000000000000000000000
0000000000000000000000001000000001000000000000000000110010010100000000000000000010000000000000000000
0000000000000000000000000000000011000010000000000000000000001000000000000000000110000100000000000000
0000000000000000000000000000001110110010000000000000000000000000000011000000001110001110000001000000
0000000000000000000000000000110000001000000000000000000000000010010011000000010101001001000000100000
0000001110000000000000000000100110001000000000000000000000100000000011000000011101100100000000000000
0000010001100000000000000000100110001000000000000000000000100000100000000000001101000001100100100000
0000001000000100000000000100010111010000000000000000000000000000011100000000000000000000100110001100
0000000000111000000011001010000000100000000000000000000000001000000111000000000100000000000000001100
0000001010101000000011001010000000000000000000000000000000000111000111000000000100000000000000000000
0000010010000000000000000100000000000000000000000000000000000010000011000000010100000110100000000000
0000001010000000000000000000000000000000000000000000000000000000000000000001100000000110100000000000
0000001100000000000000000000000000000000000000000000000000000000000000000100110000000100010000000000
0000000000100000000001000000000000010000000000000000000000000001100000000100001000000001100000000000
0000000001010000000010100000000000010000000000000000000000000001010000001011111000000000000000000000
0000000000000000000001100000000000010000000000000000000000000000010000000000001100000000000000000000
0000000010001000000000000000000000000000000000000000000000000000000000000000001100000000100000000000
0000000000000000000000000000000000000000010100000000000000001000000000000000000100010001110000000000
0000000000000000000000000000000000000000011000000000000010001000000000000000001100010110111100000110
0000000001110000000000000000000000000000001000000000010111111000000000000000001110011011000111000110
0000000000000000000000000000000000000000000000000001001111000000000000000000000110000111000001000000
0000000000000000000000000000001110000000000000000010000000000000000000000000000010000110010001000000
0000000000000100000000000000001111100001000000000010001000100000000000000000000000000000011110000000
0000000000000100000000000000000010010001000000000010000001010000000000000000000000001100001000000000
0000000011000100000000000000000001100001000000000001001001010000000000000000000000101000000000000000
0000000101000000000000000000000000000000000000000001110000100000000000000000000000010000000000000000
0000000110110000000000000000000000000000000000000000000000000000000000000000000000000000000000000000
0011000010111000000111000000000000000000000000000000000000000000000001100011100000000000000000000000
0011000001000110000100100000000000000000000000000000000000000000000010110110100000001100000000000000
0000000001010000001000010000000000000000000000000000000000000000000110000000000110010010000000000000
0000011100110000000011010000000000000000000000011000000000000000000011001010010010001100000000000000
0000000000010110000011010000000000000000000000011000000000000000000000001110000010000000000000000000
0000000000010100000000000000000001100000000000000000000000000000000000000000010100000000000000010000
0000001000111011000000000000000010010000000000000000000000000000000000000000001000000000000000101000
0000100100110010100000000000000010010000000000000000000000000000000000000000000000000000000000101000
0000100011111110110000000000000010100000000000000000000000000000000000000000000000000000000000010000
0001000000101000001000000000000000010000000000000000000000000000000000000000000000000011000000011000
0001100100100011010000000000000001100000000000011000000000000000000000100000000000000011000000011000
0000100001000100001000000000000000100000000000000001000000000000000000100000000000000000001100100100
0000000000111001111000000000000000000000000000000111110000000000000001010000000100000000001100101000
0011000000111010001000000000000000000000000000000100010000000000000000000000001100000000000000111000
0011000000000111000000000000000000000000000000000011100000000000000011111000001000100000000000000000
0000000000000101100000000001100000000011111000000011100000000000000011011000000001000000000000000000
0000000000000000100000000010000000000110111100000000000000000000000011011000000010000000000000000000
0000000000000000000000000100000000001100000000000000011000000000000000100000000011000000000000000000
0000000000000000000000000100000100000000111000000000011000000000000000000000111100000000000000000000
0000000000000000000000000001000000010000010000000000000000000000000000000000000100100000000000000000
0000000000000000000001100000101100000001100000000000000000000000000000000000000000100000000000000000
0000000001000010000001010000011110011000000000000000110000000000000000000000000000100000000000000000
0000000010100101000000100000001101011111000000000000110000000000000000000000001000000000000000000000
0000000001000101000000000000000100110000000000000000000000000000000000000000001001000000000000000000
0000000000000010000000000000000011111000000000000000000000000000000000000000001110000000000000000000
0000000000000000000000000000000000111000011000000000000000000000000000000000000110000000000000000000
0000000000000000000000000000000000001100011100000000000000000000000000000000000110000000000000000000
0000000000000000000000000000000000001000011000000000000000000000000000000000001010000000000000000000
0000000000000000000000000000000000000100000000000000000000000000000000000000000100000000000000000000
