0000000000000000000000000000000000000000000000000000000000000000000000000000000000000000000000000000
0000000000000000000000000000000000000000000000000000000000000000000000000000000000000000000000000000
0000110000000000000000000000000000000000000000000000000000000000000000000000000000000000000000000000
0000110000000000000111000000000000000000000000000000000000000000000000000000000000000000000000000000
0000000000000000001100100000000000000000000000000000000000000000000000000000000011000000000000000000
0000000000000000010001000000000000000000000000000001100000000000000000000000000011000000000000000000
0000000000000000001110000000000000000000000000000001100000000000000000000000000000000000000000000000
0000000000000000000100000001100000000000000000000000000000000000000000000000000000000000000000000000
0000000000011100000000000001100000000000000000000000000000000000000000000000000000000000000000000000
0110000000100010000000000000000000000000000000000000000000000000001000000000000000000000000000000000
0110000000100010000000000000000000000011000000000000000000000000111000000000000000000000000000000000
0000000000011100000000000000000000000100100000000000011000000000111000000000000000000000000000000000
0000000000000001000000000000000001000100100000000000011000110000100000000000000000000000000000000000
0000000000000010100000000000000010100011000000000000000000110000000000000000000000000000000000000000
0000000000000000000000000000000110110000000000000000000000000000000000000000000000000000000000000000
0000000000000010011000001010000010011000000000000000000000000000000000000000000000000000000000000000
0000000000000000100110001001000011001001000000000000000000000000110000000000000000000000000000000000
0000000000000000110000000001000001011001110000000000000000000000101100000010000000000000000000000000
0000000000000000001001000001000000100010010000000000000000000000100010000111000000000000000000000000
0000000110011000111000010001100000000011111000000000000000000000011100000111100000000000000000000000
0000000001100110011000010000000000000011011000000000000000000000011100001101010000000000000000000000
0000000000100010011000001010100000000000001000000001100000000000000000000000100000000000110000000000
0000000000011100000000001000110000000000011011000010010000000000000000001110000000000000001000000000
0000000000000000000000011000000000000000011001100110110000000000000000001000011000000000000000000000
0000000000000000000100010001001100000000000101101000000000000000000000000110011100000000000000000000
0000000000000000000100010110010000000000000011001010100000000000000000010010011000000000000000010000
0000000000000000000001001100010000000000000001001011000000000000100000001100010100000000000000010000
0000000000000000000100011001110000000000000010010000000000000000100000000000001000000000000000010000
0000000000001100000100000000000000000000000001000000000000000000100000000000001000000000000000000000
0000000000011000000000110010100000000000000000000010000000000000000000000000000000000000000000000000
0000000000001010000000110001000000000000000000000111000000000000001110000000000000000000000000000000
0000000000001010000001011000000000000000000000000000000000000000000000000000000000000000000000000011
0000000000000110000011111000000000000000000000000000001000000000000000000000000000000000000000000011
0000000000000000001000000000000000000000000001100110000000000000000000000000000000000000000000000000
0000000000000000101001000000000000000000000000010000000000000000000000000000000000000000000000000000
0000000000000000100001000000000000000000000000001100000000000000000000000000000000000000000011000000
0000000000000000000010000000000000000000000000001101000000000000000000000000000000000011111111100000
0000000000000000001000000000000000000000000001101101000100000000011000000000000000000011111001110000
0000000000000000001000000000000000000000000001001011000000000000100100000000000000001100001111011000
0000000000000000000000000000000000000000000000110000000010000000011000000000000000001100000011010000
0010000000000001000000000000000011000000000000110000110110000000000000000000000000000000000000010000
0111000000000011110000000000000011000000000000000000001000110000000000000000000000000000000111000000
1001100000000010001011100000000000000000000000000000000001001100000000000000000000000000001000000000
1101100000000001001000000000000000000000000000000100000011000011000000000000000000000000000110000000
1011000000000001110000000000000000000000000000000100000001000011000000000100000000000000000010000000
0110000000000000000000000000000000000000000000000100000000100000100000001010000000000000000000000000
0000000000000000000000000000000000000000000000000000000000001110100000001010000000000000000000000000
0000001000000000000000000000000000000000000000100000000000111111000000000100000000000000000000000000
0000011100000000000000000000000000000000000001110000000000100000000000000000000000000000000000000000
0000100100000000000000000000000000000000000010111000000000100000000000000000000000000000000000000000
0000111000000000000000000000000000000000011011001100000000000000000000000000000000000000000000000000
0000000000000000000000000000000000000000011010110110000000000000000000000000000000000011000000000100
0000011000000000000000000000000000000000000001101100000000000000000000000000000000000100000000001010
0000101100000000000000000000001100000000000010001000000000000000000000000000000000000000000000001100
0001100110000000000000000000010010000000000010010000000000000000000000000000000000000000000000000000
0001010110000000000000000000010100000000000000010000000000000000000000000000000000000000000000000000
0001010100000000000000000000001000000000000011100000000000000000000000000000000000000000000000000000
0001111100000000000000000000000000000000000000000000000000000000000000000110000000000000000111000000
0000010000000000000000000000000000000000000000000000000000000000000000000101000000000100000111000000
0000000000000000000000000000000000000001000000000000000001100000000000000010000000000100000000000000
0000000000000000000000000000000001100001000000000000000001100000000000000000000000000100001000000000
0000000000000000000000000000000010111111100000000000000000000000000000000000000000000000010110000000
0000000110000000000000000000000010011110111000000000000000000000000000000000000000000000001110000000
0000000110000000000000000000000001100010011000000000000000000000000000000000000000010000000000000000
0000000000000000000000000000000001111111110000110000000000000000000000001000000000111000000000000000
0000000000000000000000000000000001100000000000011000000000000000000000011100000001101100000000000000
0000000000000000000000000000001000000000000000100000000000000000000000110110000011011000000000000000
0000000000000000000000000110011100000000000001100000000000000000110000011100000111000000000000000000
0000000000000000000000000111000110000000110001000000000000000000110000001000000011000011100000000000
0000000000000000000000000001001000000000010000000000000000000000000000000000000001111100000000000000
0000000000000000000000000001001010000000001000000000000000000000000000000000000000111000010000000000
0000000000000000000000000001000100000000000000000000000000000000000000000000000000001110100000000000
0000000000000000000000000000100000000000000000000000000000000000000000000000000000000000000000000000
0000000000000000000000000000101000000000000010000000000000000000000000001100000000000001100000000000
0110000000000000000000000000000000000000000101000000000000000000000000010010000000000010100000000000
1001000000000000000000000000000000010000000100100000000000000000000000001100000000000001000000000000
1011000000000000000000000110000000101000000011000001010000000000000000000000100000000000000000000000
1011000000000000000000001001000000101000000000000111001100000000000011000000100000011000000000000000
0100000000000000000000000110000000010000000000000101011000000000000011000000000000100100000000000000
0000000000001000000000000000000000000000000000001100000100000000000000000000000001000110000000000000
0000000000111110000000000000000000000000000000000100000100000000000000000000100001011000000000000000
0000000001110110000000000000000000000000000000000010001100000000000000000111000001100110000000000000
0000000000110110000000000000000000000000000000000000000000000000000000000010000001100110000000000011
0000000000001001000000000000000000000000000000011000000000000000000000000000000000000011000000000011
0000000000000100100000000000100000000000010101011001110000000000000000000000000000000111000000000000
0000000000000100010000000010010000000001000100011110000000000000000011000000000000011100000000000000
0000000000000010000000000010000000000011000001010000100000000000000011000000000100011000000000000000
0000000000000011000000000001001000000001010101011011100000000000000000000000001000011000000000000000
0000000000000000011000000000010000000000110000000010000000011000000000000000000000000000101000000000
0000000000000000000000000001100000000000010010101000000000011000000000000000010001000000010000000000
0000000000000000000000000000100000001000000110000010000000000000000000000010001001100000000000000000
0000000000000000000000000000110000010000000000011011100000000000000000000101000101000000000000000000
0000000000000000000000000001100000101000000000010000100000000000000000000101000010000000000000000000
0000000000000000000000000000000001010000000000011110000000000000000000000010000001000000000000000000
0000000000000000001100001100000000000000000000011001100000000000000000000000000000000000000000000110
0000000000000000010000000010000000000000000000000001100000000001110000000000000000010000000000001001
0000000000000000001100001100000000000000000000011000000000000000000000000000001001100000000000000101
0000000000000000000000000000000000000000000000011010000000000000000000000000010111111000000000000010
0000000011100000000000000000000000000000000000000100000000001100000000000000010100001000000000000000
0000000000000000000000000000000000000000000000000000000000001100000000000000001000000000000000000000
