00000000000000000000000000000000000000000000011110000111111000000000000010100000
00110000000000000000110000001111110000000000100011000101100100000000000111110000
00000000000000000000110000001101101000000000001010000000011100001010000000001000
01100011000000000000000001110000000111100001101000000000000010000100000011001100
01110100010000000000000001100000000000100001001000100110101110000000000000000100
01110100010000000000000000000000000001000000100001000110011101100000010000000000
00000011011000000000000000000001001111000010000100000010000000000000000100000000
00000001001000000000000000000000000000000100010000000110000000000000000100000001
00000001111100000000000000101000000000000010000000001000000001110000000000001000
00000100100100000000000000100000000000000000000000000000000000001100000000001000
00000000000110000000000000100010000000000000000001010000000010000010000000000110
00000000010100000000000000001101000000000000000001110000000001101100000000000000
10110100001000000000000000000001100000000001111111111000000000000000000000000000
10001011000000000000000000000001010000000001110011011100000000000001000000000000
10000001000000000000000011000000110000000000000111110100000000000111000000000000
00110001000000000000000011000001110000000000101000110100000000000001000100000000
01100011000000000000010011000001110000000000000000000100000000000001011010000000
00010000100000000000100011101000110010100001001000010011000000011000011010000000
00010001100000000001000000110100110110011000110000011011000000011001101100000000
00000000000000000011100000100100011011001000100000000000110100000011000000000000
00000000000000000011101100010110000101010000000011100001100100000000000000100000
11101000000100000001100010000000000001010000000000000000010000000000000000100000
00000000001000100011110000000101000000000001000000000000000000000000011000000000
00000000001101100010010001000110000000000010100000000000000000001000110000001110
00000010001011000001001100100010000000000000000000000000000000010010001000000111
00000001001010000010000011000000000011000011000000000110000000000110000001000101
00000010001010000000010000000000000011000001100000000110100011000000000110000101
00000000000110000010000000001100011010000011000000011000110000000000000000000101
00001011000000000000000000001100011010000011100000100011010100000000000000110101
00000101000000000010000000000000100011000000100000100100110100000000000000110101
00100000100000000001000000000000010001000011000000011000011111000000000000001101
00100101100000000000110100011000010000000011100000100000001001000000000000000100
00000001000000000000011000011000000000100011000001101110000101000000000000000110
01100001000000000000001100011000001000000000101101101001000100000000000000001100
10100000000000000000001010001000001000001100001100000000010100000000000000001101
00000000000000110000000000001010001000000100001000001000000000010000000110000110
00000100111100101000010110001010000110000000010000000000011000100100000100000000
00110100110000001000010000000100000001110000001101000000000001000100000000110000
00100101110000000000000000000000000000000000010011011000000011010100000000110000
11000100100100000100000000000000000001010000000000001000011000100000000000000000
00010100010011000100000001000000010011001000000001001111010000000001100000000000
00000111100000000000000111110001010100010000000001110010010011000000110000000000
11000100000011100000000100011000011000110000000000000010100000100001100000000000
00110000000011100000000110111100100000101000110000000000000000000000000000000000
00000111000000000000011000111001000000010000010000000011100110000000000000000000
00011000000000000000010000010100000111100000100000000001000110000000000000000000
00000001000000000000111001000100001111000010000000000000001110000000000000000000
00010110000000000000001010100100010001000000000000000000010100000000000000000000
00001000000000000000010010101000100000000000000000000000011010000011000000000000
00000000111000000000111000000001000001110000000000000000000011000011000000000000
00000000011000000000000010000011011011010000100000010000000000000000000010000000
00000010011000000000000011100001000101100000100001100000000000000000001001000000
00000010100000000000000000110001010000000000101001000000000000000000000110000000
00000001000010000000000001001100000000000000001100010100000000000000001110000000
00000000000001000000000001100000000000000011100101001010110000000000000011111100
00000000000000000000000001110000000001100010100011110000100000000000111110100100
00000000001100000000000000100001110000100001100000100001000000000000111110101100
00000000010100000000000001100001011000011000000001001011010000000000011010110110
00000000001100000000000000100001000100000000000011101100111011010101000001100000
00000000001000000000000000010101011000000000000000001100110100000101100000000000
00000000000000000000000000001101110000100000000011011100001110000001100000000000
00000000000000000000000000000000100001100000000011001000111000011100000000000000
00000000000001010000000001100000000001000011000001011000011000001010000000000000
00000000000001000000000000110001000000000000011001111001000000000100110000011000
00000000000001000100000001100000000000000001010010010001010000000111110000000000
00000000000000000000000000000100100000000000100011000000010000000010000000011000
00000000000011100001000010111101000000000100000000100000001000000000000000011000
00000000000101011001010100011100001100000100000000000000000100000000000000011000
00000000001000010000010000011000001100000000000100100000110010000000001000000000
00000000000011111011010000000000000000000000000100010000111100000000000001000000
00000000010101111111000000100000000000000000001101100000011000000000000000100000
11100001100000001100000000000001000000000000010001000000000000000000000100010011
10010001000000000000000011000001100000000000100001101000000000110000000011001011
00010001110000000000101000000000001000000000000010000000000000110000000000011000
10001000000000000000101000001011000100000000100000111000000000110000000000000000
11110100000000000001001000011110000010000000000101000000000000111000000000000000
00001100000000000000110000011100010010001100000010000000000000101001100000000000
00000000000000000000000000000000111100000000000000000000000000101001100000000000
00000000000000000000000000000101101000000000000000000000000000000001000000000000
00000000000000000000000000000100110000000000000011100000000100000011000000000000
01001100000000000000000010011010010000000000000011010000000100001010000000000000
01001011000000000000000101111111100000000000000101011000001000001100000000000000
00100010010000000000000100100001000001110000001101111000000110000000000000000000
00000000101100000000000000001101100110110000000101000100000000000000000000000000
00000000101100000000000100000001100110000100000010011100000111100000000000000000
00000001111100000000001000101000011110011100000000010100001001010000000000000000
00000000000000001110001111001000110000001000000000001100001100000000000000000110
00011100000000001010000000000110101100000000011001111100010010000000011000000110
00011110000000001100000000001000101100000000011000011010100000000000101000000000
00001000100000000000000000000111110110000000000000010111010001001100100100000000
00000100000000000111000000000110001000000000000000011000011101001100100000000000
00101110010000000111000000000000000000000000011000001100000010001100100100000000
10001000100110000100100000000000000010101010111000000011100000000000110000000000
10001000000000000011100000000000000000000001100000000001000000000000011000000000
10010000000000001110100000000000011000000000100000000010000000000000001100000000
00000000000000011001110000000000000001100101000110000110000000000000000100010000
00000000101000010001110000000000100100000001101110001100000000000000100000011000
00000000100110000001000000001100110100000000011100000000000000000001010000011000
00000000100010000000000000001100110010010000101000001100000000011001010000000000
00000000000110000000000000000000000001000000000000000100000000011000100000000000
