678
838
736
926
768
735
910
730
904
899
742
587
633
686
932
886
529
922
692
585
915
789
901
814
835
866
624
577
881
775
599
746
714
736
687
556
730
793
723
778
862
694
562
477
508
765
571
590
518
778
595
606
438
694
740
474
479
627
704
754
428
426
738
758
626
770
462
373
452
725
544
388
488
362
713
446
391
705
500
558
713
454
697
368
379
369
692
494
696
511
476
369
456
601
650
284
626
655
358
662
457
462
465
432
468
635
447
440
336
586
437
536
454
486
533
258
523
335
462
499
379
580
236
408
294
483
203
467
582
527
344
239
406
293
484
272
562
392
559
387
312
170
165
437
500
213
245
335
366
306
391
364
457
351
424
458
229
466
411
168
121
416
322
385
317
106
257
320
88
399
460
212
170
410
393
254
333
112
317
417
349
199
131
232
55
364
382
245
120
290
225
245
249
190
223
180
63
219
305
111
