896100432
311657460
982003779
715850672
914358113
261039784
386488748
179979846
577577370
145412675
318456860
722945015
738516198
827438334
491452426
843807772
126250367
414139095
351359572
420111859
750176593
474193393
235960914
927772320
381744971
577935713
366209007
845459759
983933613
423437660
169689395
364870374
433318631
395390363
318176221
737348882
937677938
143455763
992172375
43280136
895608920
136857727
679812808
325438003
387837262
536426362
678948693
54606491
109238590
364112923
372143600
508894059
173566994
104763377
872979876
194959996
44800866
581367385
862349509
347217181
659714711
794235343
109238590
756727507
267797302
261039784
177863485
201730127
162608018
798466196
853595151
117441776
586293366
403625907
290284112
597869516
130601653
652509919
181491329
697169488
922128634
798466196
726975652
570699026
977079327
807972675
167704595
184587009
313477869
925207786
965672053
986651463
971218874
966736175
405722041
842287972
719554452
147559440
549770098
656804241
483893756
62238216
736976493
725099224
789904913
422863363
318652317
503625136
199718988
449459966
790297551
67540162
558388073
669509014
54531680
618864390
684673916
902450870
548537496
701691981
723515586
665008174
694159333
742680215
476238887
433088594
288393185
931379171
51439408
866592930
388241916
118766088
759596179
63644729
848324984
906600006
413090618
129542734
337037517
442270173
434380634
720313206
208195187
699833833
60793033
776475640
454227558
778233447
359457262
81833568
29299008
534974135
232684232
946310747
337767258
219914966
700114230
874111113
616204746
32232674
869405008
886109969
173553266
787012520
454227558
279694269
113739122
282925528
572923454
982458776
962004645
148896279
300183248
466174010
177212834
835379049
480939805
308280533
686641009
138190651
552663300
119106077
209949469
975621322
170621043
650247396
153615677
305076275
64463750
577975507
608065798
949024160
973845295
77475228
209890924
547719855
136857727
678205785
951095127
200138715
825360655
724144818
199936164
527310444
673737861
230269867
959772713
756440002
263301700
960855524
162643686
11846413
604850063
346303655
121349807
20273737
660055615
40772272
775368865
746209880
419379839
727679831
638321908
575139358
721384920
891841815
32232674
623873889
89028528
323338966
51933866
388241916
872653682
59303945
847022860
623579374
701691981
108528137
616516902
339441290
477912836
864908980
415980190
59303945
777705909
277741792
861564268
910886195
805342579
384344923
973464741
430836117
817713233
934537964
967876164
101427882
505589968
44703589
99547922
495885054
45487071
360965684
449994264
495730281
849851070
775664324
404573947
102345891
491621540
310450198
537020565
454227558
357776839
765472207
181106617
89733414
795573201
622056303
193795682
392290009
453342614
835265942
688412696
247091156
303797109
542935143
692238541
325363648
485910790
566876425
599050540
415718953
127844464
898312881
898763858
464253598
54993136
139927338
946875636
954547289
