79803446
307343541
159083028
376465934
540202854
788489421
599007952
773276472
604546579
710861842
282224905
246176506
917247114
702278925
830920591
873897638
930298504
854247323
619816352
15183476
18817273
118539624
784938420
267721802
591658934
611469743
325087119
365474601
852949093
527002572
85186975
142977063
814840389
128887184
142468100
272692728
380521818
235018732
961399985
61657861
289568638
615074861
186596504
319517916
235862490
119851669
532310040
808465882
159467162
512475399
357049436
23288709
635265711
790075971
695826688
116925885
344375882
898350814
821888888
326096524
828055850
522042137
921427538
304304837
287135651
241187579
725921098
899055102
541666719
996299651
244477176
697824261
158065547
788775902
315760340
128887184
173583692
667756810
780434553
521041641
29713935
577643862
453874857
566930966
745671420
543886187
596458546
254330214
343254199
503544689
438601644
396291215
812028315
814161502
884712686
214421896
437324194
135225398
102230642
962109640
511751062
403479554
787450933
661626840
737707655
854216353
763134875
95035903
568407141
638493979
217847769
1277472
843409480
535568497
624216371
852254331
340101082
843673747
715563996
376596351
330764155
909501342
592150024
242799305
389076064
340616788
436449218
136942049
361047032
885593422
563779641
823667896
50458980
502568823
976802538
838029140
915255433
17107766
867182180
49045696
83720020
38304370
159209805
590735667
328347955
573765749
142093666
630813319
367365542
23293604
549373190
689548759
381624066
819988156
532605536
237119195
650448292
642831193
588515557
48997408
910169305
899029737
480528470
838099566
940350894
321611370
293859759
940350894
966511564
15188423
505447647
301952674
532605536
952881837
79128462
822607632
176181012
810743091
330764155
443125226
160093052
741813052
475009409
294191250
648992950
606766311
897730373
409145003
200527628
677496272
308038547
666980045
129104426
780735670
657020568
264934398
977653696
950094806
953947953
799159721
58815262
178538841
15558757
599271385
379022370
308706996
930246925
204607351
113761895
728543699
265083505
782662085
715406497
825829677
354552847
752528891
277614736
209177044
885657601
919897149
815809289
312255776
689865998
748787889
406213996
522956066
852416370
396576375
715468289
941679236
175843501
422944144
23634391
16890541
407264842
87874219
259508703
863323524
334172242
981929185
769652725
733774030
63995643
103345767
104246654
423993190
201272302
771629194
720998425
582091604
663660452
430867260
59685621
107235858
38877425
186535281
919897149
764591895
194556830
341837894
95099378
805319659
401604898
639988900
762059766
315789480
471704454
815906839
22634502
457901602
403554178
505516321
418775030
685695874
354938483
335865421
835348868
992802183
335397353
598885835
777992595
310124951
290877380
442369964
515109480
239905668
506292318
566268567
634245343
341662941
345696606
340511257
128762431
83466981
285570533
10188777
707192537
133628985
524558540
164499426
647471478
910388789
626499274
909773673
376880906
208951268
495624149
783147292
320811028
610829262
839252466
607033674
672620279
70454339
270947488
169246978
244035004
89794451
336359251
702729627
182120614
196430847
468786465
939954818
526419483
424996326
978260177
802536087
249804681
540411753
348388731
650185350
937074190
538039618
112150703
118900308
972995837
237971270
42831908
423985035
670494118
50876492
159796874
83397106
707825883
400204679
37746360
902787864
183844203
946434489
37682183
878661022
818061599
510166169
884961630
175575450
183531870
577375679
944322612
298869510
203622021
889272504
175431961
403554178
98218810
87874219
616838803
718556438
228798586
53232926
518785827
784874975
723648964
180240084
7531550
787369264
275791920
448140982
407499931
434596890
138293002
898796689
518858069
885593422
589249834
560002412
305680234
284490223
595764706
168163209
800103886
823881945
289751626
728648083
157654995
307701606
92827202
169048678
105239270
208695807
