314420930
293084598
641865920
706785301
273888450
820689332
548168268
641255009
710720984
964989150
90197711
798629700
311396544
958076589
442859923
803905535
550379205
826816492
777307988
723082523
654714820
196557340
663077065
85572271
409844636
103467939
92005574
713784457
736540929
176838869
378370200
246858839
865504706
183426987
31183908
521716742
872828694
224461213
523218578
742730231
957927582
902908561
673872998
385622704
872657304
621215155
100946880
280375149
247557117
289466386
93896407
560777589
207916855
59908731
930312026
787536362
309843920
645410069
69295276
578003737
630024289
126489738
691464961
413158581
888582056
54349744
613337656
15724131
611425536
365356346
751028443
912762886
369727705
207355974
121531321
729344581
56316936
985618274
848550011
383113781
675268783
374746599
158161447
644827339
327493637
342618952
411775289
987323894
843568293
968864789
3098843
982826156
724733784
658901143
531913752
350458898
749287458
760279857
43267377
422926253
649187439
938082142
869773145
356977467
451983410
902173039
498759906
616158331
389473240
80298005
104295699
297917264
179623470
912762886
936669464
269598283
657432127
676815995
352154859
494197748
684881242
174909949
40314445
500324053
134344020
716806520
978027227
740300920
531715444
402818826
89706385
994460028
900601310
84759239
618645266
270309352
439414835
412169441
832933302
528755013
513061862
271418698
872657304
596427689
683489941
513381500
503492932
707607459
545872183
719578903
978662060
805879405
526936087
811267544
499352584
375340888
433594885
98163842
355766251
331436703
627219515
848241428
956175956
816763353
354452540
510343343
143053621
458314943
116306098
959347836
169134077
12324706
513381500
542466163
946273215
425467035
978525727
216198608
805971700
135949714
458489148
396711710
851670437
319593590
695977070
260334427
558626897
730963333
920272123
840862750
642229724
494318700
24751273
482092661
635684465
630098823
330018020
762403900
878895594
569723231
46944714
410217284
604755093
435764336
630090288
315530105
592690667
71095368
326627337
999811209
985330938
370131819
379512356
533301759
572732582
381965381
319931638
660210107
89706385
246450577
550082267
659572796
845533884
312177148
741110193
562588143
543016022
865027162
609730332
519150753
311393329
580140580
190560367
461924921
699769633
757543270
638297082
390113672
540669885
490832392
246336119
37971791
904541506
536337007
732981518
10685539
433972778
729099320
585407183
969293473
916964781
977141826
886878468
21096191
956203833
842060036
942856141
588790938
318400625
468307969
707576579
353501223
609161402
655284956
505268939
917033286
506648086
777819721
980053598
572769437
256726100
193336212
600566678
805235240
841676964
857259402
595865927
58657853
131803050
682812014
792395134
374214647
657772644
550082267
5903374
693641148
158668943
377796626
277010844
480510021
891819633
71555398
598762031
564642418
738978483
174580095
491846760
662019629
996479169
775967180
508944457
513080654
504219872
681444584
333155693
714357800
530048088
647354306
71758920
515058116
200516601
17612761
635591728
840893991
424128026
690293764
43411039
894932033
358505649
601288898
500836359
907457562
744604628
344734889
406446948
229565890
545992585
816523254
571831604
899527963
143273197
659941295
736409548
692838815
483735356
808744968
500310419
677345962
942971767
689899493
716155203
89599610
331358245
75420439
842645211
922483468
570426551
838357927
999107816
319809216
995237422
752657501
482865028
779102933
82190026
813670379
538745805
420303461
685554886
928304358
550706703
512096126
94309145
905745769
529154032
667559523
532772643
506912274
821809740
847432263
867387687
565056715
82090810
915500404
804996848
475361735
537819742
349424537
1796814
139291813
497194935
639379108
276513124
724008164
6932227
757543270
254259474
695010193
667720365
500705020
667559523
96507755
676061326
278022729
412187557
134215878
37040032
258331313
323801900
595386817
294379409
31183908
778346372
734083654
1142745
754640615
480843320
392756466
855584022
756243990
262452563
422517778
699915902
227847645
185951255
498550570
35799197
659930335
938722060
525292239
395750278
682812014
686248747
409675615
548213693
300918944
711237546
47184340
968637860
311390825
478574984
842864345
490637000
701405435
183426987
81474069
65602843
194631484
815280552
651299194
73548801
647868478
752329016
413223049
962893050
475526030
980029771
245982772
353225731
125890555
508500974
164929015
785889269
255840349
243046723
511730036
905549819
157929517
247494796
990775073
649061757
540695724
29146947
382511329
124128266
7121693
967477992
962614405
770810501
646052989
467833695
909375787
158249685
374480355
714725190
968484414
994225012
884635786
185642966
495285935
875896332
855248676
167307802
640251932
409001513
277790178
139922243
97167724
43055440
848934264
969302987
174193843
808615880
335959112
46358738
635617188
613252063
859946224
399726851
64590215
