2
8
25
5
13
17
23
15
5
8
66
5
2
11
14
10
16
10
18
8
2
8
5
7
45
8
2
7
18
4
14
14
29
8
3
10
30
6
2
10
14
6
12
13
33
12
2
10
5
7
47
8
2
7
13
6
12
26
26
13
5
7
48
8
2
5
19
7
14
8
18
13
2
7
4
7
29
13
2
10
15
5
18
19
18
7
4
11
17
7
2
10
14
8
12
12
17
24
2
7
4
7
25
8
2
8
19
4
18
16
21
9
5
9
37
8
2
10
21
9
13
9
29
17
2
6
4
6
23
8
2
6
13
4
18
14
29
11
5
5
53
5
2
7
35
8
18
9
24
15
2
9
4
7
32
9
2
9
18
4
9
14
15
9
4
5
31
5
2
11
16
6
27
9
24
11
2
10
7
7
25
6
2
9
17
5
13
17
20
12
5
7
22
5
2
8
10
6
14
14
34
13
2
11
4
8
20
7
2
8
16
7
11
12
29
14
4
9
26
8
2
8
13
8
9
10
44
10
2
10
3
7
25
11
2
9
12
6
13
14
30
9
4
5
24
5
2
8
27
7
14
11
22
13
2
7
6
10
59
8
2
7
13
6
11
15
17
8
5
8
17
7
2
11
18
6
20
8
18
14
2
9
4
8
27
7
2
8
20
6
20
11
25
9
5
7
32
7
2
6
