1
499
2
18
37
59
25
5
116
2
3
2
35
37
3
8
14
19
23
60
40
3
97
1
27
2
3
39
2
15
21
111
23
4
82
1
3
2
46
43
3
8
18
18
28
97
26
4
47
2
34
2
4
38
2
15
22
60
29
4
43
2
3
1
55
36
3
8
13
18
28
56
40
4
75
2
55
2
3
35
2
10
22
105
32
4
67
2
2
2
30
44
3
9
20
14
22
80
26
4
67
2
37
1
2
30
2
24
18
68
28
5
49
2
4
2
34
32
3
7
27
17
27
54
38
5
63
1
56
1
3
31
2
14
19
59
42
5
76
1
3
2
43
37
3
10
18
20
27
80
33
5
63
1
37
2
3
38
2
15
24
61
35
5
74
2
3
2
27
34
3
8
15
25
20
80
37
6
79
2
56
1
3
27
2
17
20
40
28
4
49
1
2
2
51
32
4
9
19
12
20
97
27
5
64
2
37
1
3
39
2
19
29
132
24
4
78
1
4
2
40
25
4
11
21
17
20
58
34
3
114
2
29
1
3
33
2
11
20
60
27
4
52
1
2
2
40
32
3
9
16
10
19
88
33
8
69
2
41
1
4
22
2
14
29
69
27
4
76
1
3
2
30
35
3
15
24
14
22
107
18
4
75
2
61
2
5
25
2
17
49
75
21
4
58
2
3
2
35
20
4
11
16
14
24
72
36
5
48
2
44
1
3
33
3
18
23
87
30
5
75
2
4
2
47
30
3
9
19
34
15
93
26
4
125
1
44
2
4
39
2
16
27
77
37
5
110
1
2
1
36
32
4
8
18
16
22
119
39
4
59
2
49
1
3
36
2
13
23
106
33
5
51
2
5
2
66
27
4
17
19
13
25
62
33
5
53
1
54
2
3
33
2
14
20
58
31
4
63
1
3
1
42
42
3
17
17
18
31
106
32
4
59
2
40
2
3
30
2
26
30
85
31
3
67
2
3
2
36
39
3
8
23
15
29
66
24
3
62
1
29
2
2
38
1
14
23
83
25
5
58
1
3
1
29
29
3
6
18
15
14
114
32
4
56
1
42
1
3
39
2
17
26
85
23
5
61
1
3
2
59
34
5
8
16
14
31
89
29
5
43
2
35
1
3
40
2
14
25
83
60
5
48
2
4
2
49
35
2
11
19
13
25
76
55
5
71
1
83
2
3
23
2
12
22
98
31
4
65
2
2
2
92
30
3
8
17
19
25
75
25
4
57
1
38
1
3
26
2
12
30
57
39
6
72
2
3
1
35
37
4
13
16
13
19
101
29
6
64
2
46
2
3
27
2
13
18
68
46
3
51
1
5
1
51
31
3
8
20
14
31
64
27
5
52
1
44
2
3
59
2
11
18
123
55
4
72
2
3
2
72
31
5
10
24
14
25
72
39
5
68
2
36
1
3
40
3
16
19
126
24
4
43
1
4
2
40
38
3
7
16
15
23
67
37
5
58
1
46
1
3
40
2
15
18
74
29
5
53
1
3
2
29
30
3
8
15
27
32
88
30
4
63
2
46
2
3
45
2
22
29
65
19
5
59
2
3
1
31
28
3
10
24
15
18
72
29
5
99
2
70
1
4
70
2
15
19
73
21
3
40
1
3
1
38
32
4
11
15
15
23
81
41
5
44
2
54
2
4
37
2
17
28
145
25
6
90
2
4
2
44
34
3
8
18
17
26
75
33
5
58
1
50
1
5
31
4
12
23
69
30
5
86
2
2
2
43
36
4
8
20
17
30
96
29
5
113
1
33
2
3
34
2
16
22
54
45
5
53
2
3
2
62
38
3
14
27
15
21
125
26
5
47
1
45
2
3
25
2
15
22
77
29
4
69
1
3
2
54
33
4
7
31
18
30
90
20
5
93
2
39
2
4
47
2
16
32
58
21
5
62
1
2
2
48
31
4
11
21
15
28
135
22
5
97
2
45
1
3
36
2
13
23
91
34
5
69
2
3
2
31
37
4
9
16
11
32
140
41
4
68
2
30
2
3
35
3
11
32
76
32
4
67
1
2
2
37
26
3
8
17
15
24
117
25
4
63
2
60
2
3
33
2
23
19
85
33
5
58
1
3
1
46
30
4
12
13
17
21
73
25
4
58
2
39
1
2
31
2
14
21
76
25
4
52
1
3
2
52
54
4
7
16
14
23
175
29
5
86
1
54
2
3
35
2
12
24
98
30
6
72
2
3
2
34
48
3
9
17
12
18
66
22
6
92
2
40
1
3
39
2
12
20
65
23
5
74
2
2
2
