39
12
5
11
2
10
36
21
52
4
71
5
10
24
39
3
77
5
47
3
13
10
5
11
36
7
42
9
5
12
2
8
25
17
45
6
56
5
9
17
33
4
61
4
66
3
11
9
4
9
39
10
35
18
5
11
3
9
57
21
44
4
53
5
9
28
40
3
68
5
40
3
21
10
4
10
53
8
46
9
5
12
3
8
35
15
31
6
43
5
8
16
31
2
83
5
47
4
13
10
6
11
52
15
47
19
4
9
2
13
33
16
76
4
44
6
9
17
49
3
61
5
37
3
9
15
4
10
38
10
33
10
5
14
2
8
44
16
64
8
65
7
7
14
47
3
56
5
40
3
12
12
3
9
53
8
38
15
5
10
3
8
33
15
29
7
94
5
9
12
38
2
48
5
24
3
13
10
3
11
30
10
88
11
5
7
3
7
32
22
43
6
83
4
6
18
41
2
51
4
30
4
16
10
4
8
31
8
32
10
4
9
3
5
49
18
48
5
77
7
11
14
34
3
66
7
62
3
14
13
5
12
31
8
27
12
5
10
2
9
44
21
66
7
88
6
8
19
31
3
77
5
23
4
14
13
4
10
39
13
72
8
6
15
3
7
34
18
38
5
47
5
7
20
31
3
53
7
39
3
17
14
4
11
59
7
36
13
5
10
2
8
29
19
47
5
51
7
9
13
47
2
53
7
26
3
12
12
4
13
54
10
39
10
4
11
3
14
39
23
40
5
85
4
7
13
35
3
66
5
42
3
12
13
3
8
38
9
36
14
6
13
3
8
43
16
27
4
88
5
7
21
44
3
87
4
47
4
13
25
6
8
40
12
34
16
5
10
3
7
27
16
45
4
60
4
6
15
32
3
114
4
27
3
16
11
3
13
29
7
40
12
5
9
3
8
34
22
62
6
55
5
12
18
29
3
70
6
29
5
10
15
4
8
38
7
39
10
5
8
2
12
57
15
38
6
41
4
7
19
21
3
35
5
40
3
9
12
5
10
40
10
50
9
6
9
2
12
34
17
56
7
120
5
8
18
39
3
67
5
45
3
18
10
5
10
40
7
37
8
7
12
3
8
29
14
40
6
68
5
8
19
63
3
86
5
39
3
11
12
3
12
53
13
47
11
6
12
4
7
