4
18
4
5
15
7
3
5
3
2
5
3
5
5
15
17
7
4
6
6
2
5
4
5
17
3
5
3
5
2
3
5
3
4
4
3
4
7
4
2
2
3
4
2
6
4
3
3
6
2
4
3
3
2
3
6
3
5
5
6
4
2
3
2
4
6
17
7
5
5
3
4
5
2
6
4
6
3
5
2
2
6
17
7
3
2
5
2
2
7
5
5
3
6
13
3
3
3
3
7
4
4
7
5
2
4
4
4
6
2
3
18
3
4
2
3
14
3
12
4
3
16
4
7
2
4
2
17
4
8
3
2
13
3
3
4
3
16
5
2
2
4
4
3
3
5
4
6
4
6
10
14
6
2
2
3
4
2
5
4
2
4
6
7
6
2
3
2
3
4
5
7
2
2
4
7
6
4
6
2
3
3
2
4
5
4
4
2
3
2
2
6
4
3
8
4
2
3
3
4
2
2
6
2
2
2
4
5
4
12
2
2
5
3
3
2
15
12
6
4
3
9
8
3
6
2
4
5
5
5
5
4
16
2
4
5
3
3
2
7
8
2
2
5
2
7
3
2
5
4
6
6
2
5
3
4
3
5
2
4
5
5
12
3
3
4
5
3
3
5
3
2
18
4
4
11
3
4
17
2
5
4
2
7
4
3
3
15
5
2
3
4
3
3
4
3
2
2
2
5
