6
2
6
5
8
3
5
5
5
7
3
6
24
3
3
2
6
4
3
4
26
9
20
6
4
17
4
6
6
3
5
7
5
6
4
4
7
5
5
4
6
6
3
3
23
6
7
5
4
5
2
2
5
5
3
5
6
4
6
4
3
3
3
2
5
5
7
7
4
18
4
2
3
2
5
24
4
4
4
2
2
6
4
3
3
8
3
5
5
3
8
2
2
6
3
20
8
5
3
2
2
4
2
4
2
6
4
5
14
6
3
4
5
3
2
4
5
5
6
5
4
9
21
8
2
4
16
23
4
3
2
2
4
5
3
2
15
2
4
22
5
5
6
2
5
7
3
4
3
5
5
4
3
6
5
22
3
3
6
4
4
5
4
4
3
2
6
5
4
2
6
7
5
5
2
2
3
3
4
5
2
20
4
2
3
3
5
6
2
4
4
5
2
4
4
2
3
2
4
3
2
3
2
6
2
4
4
3
5
17
7
5
6
2
2
6
3
5
14
4
9
4
2
4
3
3
6
4
5
6
7
5
3
4
2
4
5
8
3
5
17
6
7
2
2
6
2
4
3
2
5
7
3
4
5
2
2
4
3
5
2
6
19
6
2
3
5
5
2
3
3
18
5
3
4
3
5
19
24
4
6
2
4
6
11
22
8
5
4
7
2
8
5
4
4
4
12
4
4
15
5
4
2
2
2
5
5
4
5
6
13
5
2
14
3
5
3
5
2
2
18
5
5
2
9
17
5
2
6
3
5
2
17
9
3
5
4
2
9
2
4
2
3
4
7
2
2
5
2
2
6
4
6
3
3
2
2
16
6
2
6
3
3
4
4
3
4
4
2
5
4
5
4
4
4
3
3
5
6
6
5
3
2
2
8
4
2
3
5
5
2
6
3
4
5
6
2
3
6
6
