7
5
2
11
4
6
5
4
2
2
6
2
6
3
5
3
5
8
9
4
2
12
2
7
7
5
4
2
3
10
6
2
6
4
4
2
2
5
2
4
16
6
4
5
2
3
6
2
9
8
4
5
8
2
5
7
6
8
5
6
7
4
4
8
7
8
5
8
3
4
6
13
4
2
4
2
6
2
5
3
7
8
5
6
4
7
5
2
7
5
6
2
6
4
2
7
2
2
6
2
7
7
3
29
4
5
7
5
5
8
8
6
6
7
6
2
2
31
2
7
2
5
11
2
5
2
7
8
2
2
2
5
6
3
2
2
7
9
4
2
6
9
2
4
4
4
2
4
3
6
11
5
3
4
9
5
5
4
6
3
5
8
2
10
2
6
5
6
4
14
4
2
2
4
6
7
7
2
6
11
3
8
2
7
9
5
2
4
4
2
8
6
2
8
5
2
27
4
7
6
4
5
9
8
2
2
5
8
6
6
7
6
2
7
5
5
5
9
7
3
9
2
8
6
3
5
9
2
2
4
6
4
4
5
2
8
5
7
7
10
2
2
3
6
3
10
5
2
3
5
6
2
7
7
4
6
9
4
4
8
7
5
2
2
3
5
4
9
36
7
4
4
2
8
7
6
2
6
6
3
7
4
9
9
5
4
6
6
7
5
6
2
4
8
10
5
5
8
4
4
4
4
9
4
5
4
8
3
3
2
9
5
6
2
7
4
4
3
19
2
3
6
7
2
11
7
6
5
2
7
6
5
2
2
2
4
4
5
6
6
5
6
3
4
11
7
7
9
4
3
2
6
4
6
4
2
2
5
5
8
6
2
7
6
5
6
5
4
6
4
5
3
2
4
2
6
6
7
2
2
2
3
6
6
9
3
2
2
5
2
8
2
2
2
7
9
6
2
9
6
8
8
4
6
2
7
7
3
3
5
7
5
2
5
12
2
4
8
2
2
3
4
2
5
7
5
3
6
7
6
5
3
4
8
6
7
3
4
6
5
10
2
4
5
5
10
4
9
3
4
2
5
2
2
7
6
5
6
3
2
5
5
5
5
2
7
10
3
5
4
2
6
9
5
5
23
5
3
2
6
4
5
3
6
6
2
2
8
3
3
4
6
3
9
2
8
4
8
6
7
5
6
2
2
16
2
6
5
2
2
5
2
5
9
6
4
6
5
8
2
5
5
2
6
2
5
5
8
6
2
9
7
4
5
26
2
3
2
5
2
6
5
5
9
3
2
7
2
5
6
7
4
2
3
2
6
31
3
5
6
7
10
12
4
3
5
2
5
5
3
4
4
2
2
3
9
9
4
11
2
9
7
5
2
5
26
2
5
7
5
3
5
8
2
5
5
2
6
3
5
3
6
2
9
3
2
3
6
5
8
4
4
5
6
3
2
2
7
4
6
4
2
4
2
2
4
5
7
2
9
2
2
3
8
4
9
2
8
2
4
4
7
5
3
5
7
8
3
10
8
9
7
2
2
2
7
8
5
4
4
5
5
3
6
6
3
5
8
10
9
7
8
7
6
5
6
6
4
8
5
8
9
19
3
5
5
6
2
5
2
9
6
5
6
8
6
5
2
9
9
6
9
2
3
6
8
7
4
19
2
7
2
11
7
5
9
7
8
3
2
6
2
6
5
8
6
4
6
5
2
7
4
9
2
5
8
6
6
5
2
11
6
4
6
5
2
9
5
5
7
7
5
7
5
2
6
2
5
8
2
5
4
7
6
7
7
6
2
9
5
2
4
7
2
4
3
21
7
2
2
9
6
2
2
2
5
6
6
4
2
6
11
4
2
7
11
3
5
5
27
32
6
5
7
3
3
9
4
4
7
4
2
7
2
2
4
6
5
9
7
2
9
4
5
3
2
4
2
4
27
6
5
2
6
5
6
6
4
2
7
8
5
5
10
4
6
4
4
8
31
2
36
6
2
5
2
2
6
2
5
2
8
2
7
3
7
4
7
2
9
2
7
4
6
4
5
3
2
2
2
5
4
2
2
4
6
6
7
5
5
3
7
2
10
3
29
8
2
4
5
5
4
3
2
4
8
3
4
4
12
6
8
7
5
4
2
5
6
5
3
7
5
7
7
6
6
3
5
2
8
5
4
6
4
21
6
7
2
2
6
5
9
4
5
7
2
9
9
2
6
8
4
2
2
9
7
8
5
3
2
2
9
4
4
5
5
5
6
5
6
2
2
2
2
8
5
7
2
10
13
5
4
8
6
7
5
8
7
2
2
2
5
11
3
5
6
4
5
2
2
