4
4
7
3
3
5
2
4
4
7
24
7
4
4
5
29
4
5
7
9
7
3
5
2
2
4
2
5
2
5
3
4
5
2
9
3
6
2
4
6
4
5
6
6
2
28
3
6
10
3
2
5
6
5
6
3
3
4
9
3
7
6
5
5
2
28
2
6
5
5
2
2
4
3
4
3
2
5
9
9
3
2
4
2
3
10
4
7
6
3
2
24
6
4
6
2
2
25
10
5
6
2
4
3
3
4
8
4
8
4
2
7
7
7
4
5
4
5
7
3
2
7
3
7
4
3
8
5
9
7
5
5
5
6
4
21
7
2
4
6
6
4
7
2
6
6
7
3
2
6
3
3
2
4
7
5
10
2
3
7
4
5
2
8
2
6
4
7
2
5
6
6
4
3
9
4
2
6
3
5
5
7
2
5
3
2
9
4
6
5
3
2
6
2
2
4
2
7
4
6
7
5
5
5
4
2
2
6
4
3
9
6
4
3
2
4
4
3
2
36
5
7
2
2
5
7
5
7
4
4
5
6
3
9
6
2
5
2
4
4
27
6
6
4
4
7
5
5
2
19
3
8
5
6
5
5
7
4
9
9
8
2
6
4
6
5
2
2
6
30
5
8
4
4
2
6
2
6
6
6
8
5
4
2
6
2
3
4
3
7
5
5
4
6
5
2
5
8
2
2
2
6
5
2
2
2
4
9
8
5
8
5
6
2
5
4
5
3
5
5
13
6
9
6
8
7
2
5
4
9
4
6
2
6
5
6
3
5
4
8
4
9
5
7
2
7
5
2
6
8
3
2
2
3
10
2
6
5
4
2
4
6
6
2
2
2
6
5
6
5
3
6
9
5
6
2
3
7
4
3
7
4
2
4
3
8
2
9
6
3
9
2
4
6
24
5
4
2
7
5
4
5
5
4
5
2
11
2
7
2
2
2
2
4
4
7
6
2
2
6
2
2
4
6
3
4
4
8
2
2
5
5
5
3
3
2
5
8
4
7
5
3
4
9
5
4
2
8
4
3
2
5
2
6
2
35
2
5
6
7
5
2
5
2
6
2
7
2
3
5
3
4
5
2
5
8
5
4
6
2
7
6
6
2
3
6
4
25
4
2
5
8
3
3
9
9
4
3
2
5
4
4
6
5
4
5
4
2
9
12
5
2
4
6
7
7
6
6
6
4
6
6
4
8
2
2
2
3
3
8
4
2
5
7
2
7
22
2
2
6
5
3
6
7
5
6
6
4
7
2
2
5
5
7
2
7
4
2
4
7
9
7
2
3
6
2
9
25
8
5
6
7
4
7
2
9
6
3
6
5
3
3
5
7
14
3
2
3
4
2
4
6
4
4
7
5
6
5
6
4
4
6
5
4
2
3
5
9
5
3
3
5
6
4
3
8
5
5
4
6
2
6
3
4
4
6
3
3
4
4
3
5
5
6
2
5
2
4
2
2
3
3
6
3
7
3
6
24
4
4
7
7
2
10
4
6
2
2
25
7
5
4
2
2
5
8
5
6
3
2
4
5
2
2
9
2
4
3
2
2
5
6
3
7
6
5
5
4
8
2
4
21
2
2
3
2
2
2
4
7
