2
8
4
3
13
2
4
4
11
5
3
4
2
5
5
4
5
3
3
4
5
16
5
2
3
5
2
3
3
3
5
4
2
3
5
3
2
2
5
4
5
5
2
13
18
3
2
3
4
3
5
4
3
4
3
5
2
5
3
2
2
4
3
4
3
2
11
2
3
9
4
11
2
2
5
2
8
7
4
2
4
5
4
3
3
5
3
5
3
3
2
4
5
2
3
6
4
2
3
3
2
3
5
2
4
17
6
3
2
5
3
2
3
6
3
5
3
10
2
2
5
4
3
3
4
5
2
4
4
2
3
3
13
3
4
3
4
3
7
2
4
3
3
5
3
4
4
3
3
3
3
2
14
2
4
5
13
6
4
3
3
5
3
2
4
2
5
4
2
4
2
4
5
6
2
2
3
5
11
4
4
5
3
2
3
3
13
4
6
4
2
2
6
3
5
3
4
5
4
17
