2
2
2
6
5
2
9
13
5
3
4
7
5
7
4
7
7
2
3
5
5
3
3
6
5
5
4
5
2
5
6
8
6
5
4
4
2
5
2
7
3
2
2
4
7
2
2
2
2
2
5
4
7
19
7
2
9
3
5
4
2
5
6
3
4
4
2
9
3
4
5
6
10
4
2
7
2
6
7
4
6
3
4
2
6
2
2
5
4
4
4
4
8
5
2
4
6
26
2
26
6
5
7
6
5
4
3
6
7
7
7
2
3
7
5
3
5
3
2
6
2
4
6
4
7
5
9
4
5
2
4
4
6
6
5
9
5
6
6
6
5
5
6
7
3
2
7
5
6
6
5
5
6
2
6
4
20
4
5
5
4
3
2
2
5
5
5
5
4
7
3
2
5
2
5
2
2
6
5
4
5
5
4
7
2
2
5
3
8
8
5
9
19
27
5
7
6
2
4
2
7
4
3
4
3
6
30
4
6
3
27
4
19
5
4
5
15
2
7
4
5
5
4
2
4
5
6
2
6
2
2
6
2
2
6
6
8
6
4
5
4
5
2
8
3
6
4
3
8
6
3
5
4
2
4
6
2
4
5
5
6
5
2
7
2
3
4
4
7
5
4
6
2
23
6
5
7
6
6
5
4
4
5
4
2
4
5
4
4
9
2
6
7
4
3
2
3
8
5
3
7
5
2
2
3
7
5
2
2
6
3
2
4
7
5
3
5
2
6
2
6
3
2
6
3
5
7
5
6
6
4
25
4
20
4
3
4
2
5
2
7
6
2
9
5
2
5
3
4
5
21
5
3
6
4
3
4
4
4
2
5
4
2
5
5
2
4
6
5
4
5
2
7
4
6
4
7
4
8
2
7
3
2
4
4
5
6
5
5
3
2
2
2
9
2
5
8
4
7
4
7
20
6
6
4
7
2
9
6
4
2
5
2
2
3
5
4
2
3
2
3
6
7
5
7
4
6
4
3
5
4
2
2
7
5
2
6
2
4
2
5
6
5
7
6
2
2
7
5
4
2
4
2
6
20
5
6
7
2
2
4
4
4
6
5
3
5
6
4
5
9
8
7
4
4
2
6
25
5
8
4
8
6
5
29
7
5
2
4
7
7
8
4
2
7
2
3
4
2
17
