8653266432 6433086654 8332087662
863098632 965296431 873197622 865395432 753098643 954197541 883098612 976494321 874197522 865296432 763197633 844296552 762098733 964395531
863098632 965296431 873197622 865395432 753098643 954197541 883098612 976494321 874197522 865296432 763197633 844296552 762098733 964395531
6433086654 8332087662 8653266432
863098632 965296431 873197622 865395432 753098643 954197541 883098612 976494321 874197522 865296432 763197633 844296552 762098733 964395531
8655264432 6431088654 8732087622
8653266432 6433086654 8332087662
84308652 86308632 86326632 64326654 43208766 85317642 75308643
6431088654 8732087622 8655264432
863098632 965296431 873197622 865395432 753098643 954197541 883098612 976494321 874197522 865296432 763197633 844296552 762098733 964395531
8653266432 6433086654 8332087662
863098632 965296431 873197622 865395432 753098643 954197541 883098612 976494321 874197522 865296432 763197633 844296552 762098733 964395531
83208762 86526432 64308654
8653266432 6433086654 8332087662
8653266432 6433086654 8332087662
8653266432 6433086654 8332087662
8653266432 6433086654 8332087662
8765264322 6543086544 8321088762
865296432 763197633 844296552 762098733 964395531 863098632 965296431 873197622 865395432 753098643 954197541 883098612 976494321 874197522
763197633 844296552 762098733 964395531 863098632 965296431 873197622 865395432 753098643 954197541 883098612 976494321 874197522 865296432
8633086632 8633266632 6433266654 4332087666 8533176642 7533086643 8433086652
86326632 64326654 43208766 85317642 75308643 84308652 86308632
865296432 763197633 844296552 762098733 964395531 863098632 965296431 873197622 865395432 753098643 954197541 883098612 976494321 874197522
8653266432 6433086654 8332087662
863098632 965296431 873197622 865395432 753098643 954197541 883098612 976494321 874197522 865296432 763197633 844296552 762098733 964395531
8732087622 8655264432 6431088654
964395531 863098632 965296431 873197622 865395432 753098643 954197541 883098612 976494321 874197522 865296432 763197633 844296552 762098733
86526432 64308654 83208762
863098632 965296431 873197622 865395432 753098643 954197541 883098612 976494321 874197522 865296432 763197633 844296552 762098733 964395531
763197633 844296552 762098733 964395531 863098632 965296431 873197622 865395432 753098643 954197541 883098612 976494321 874197522 865296432
8653266432 6433086654 8332087662
865296432 763197633 844296552 762098733 964395531 863098632 965296431 873197622 865395432 753098643 954197541 883098612 976494321 874197522
8633086632 8633266632 6433266654 4332087666 8533176642 7533086643 8433086652
86526432 64308654 83208762
86326632 64326654 43208766 85317642 75308643 84308652 86308632
863098632 965296431 873197622 865395432 753098643 954197541 883098612 976494321 874197522 865296432 763197633 844296552 762098733 964395531
8765264322 6543086544 8321088762
8633086632 8633266632 6433266654 4332087666 8533176642 7533086643 8433086652
8653266432 6433086654 8332087662
8633086632 8633266632 6433266654 4332087666 8533176642 7533086643 8433086652
6431088654 8732087622 8655264432
863098632 965296431 873197622 865395432 753098643 954197541 883098612 976494321 874197522 865296432 763197633 844296552 762098733 964395531
863098632 965296431 873197622 865395432 753098643 954197541 883098612 976494321 874197522 865296432 763197633 844296552 762098733 964395531
763197633 844296552 762098733 964395531 863098632 965296431 873197622 865395432 753098643 954197541 883098612 976494321 874197522 865296432
8633086632 8633266632 6433266654 4332087666 8533176642 7533086643 8433086652
8653266432 6433086654 8332087662
9775084221 9755084421 9751088421
763197633 844296552 762098733 964395531 863098632 965296431 873197622 865395432 753098643 954197541 883098612 976494321 874197522 865296432
863098632 965296431 873197622 865395432 753098643 954197541 883098612 976494321 874197522 865296432 763197633 844296552 762098733 964395531
8765264322 6543086544 8321088762
