954197541 883098612 976494321 874197522 865296432 763197633 844296552 762098733 964395531 863098632 965296431 873197622 865395432 753098643
763197633 844296552 762098733 964395531 863098632 965296431 873197622 865395432 753098643 954197541 883098612 976494321 874197522 865296432
763197633 844296552 762098733 964395531 863098632 965296431 873197622 865395432 753098643 954197541 883098612 976494321 874197522 865296432
865296432 763197633 844296552 762098733 964395531 863098632 965296431 873197622 865395432 753098643 954197541 883098612 976494321 874197522
8765264322 6543086544 8321088762
8655264432 6431088654 8732087622
863098632 965296431 873197622 865395432 753098643 954197541 883098612 976494321 874197522 865296432 763197633 844296552 762098733 964395531
83208762 86526432 64308654
97508421
763197633 844296552 762098733 964395531 863098632 965296431 873197622 865395432 753098643 954197541 883098612 976494321 874197522 865296432
8765264322 6543086544 8321088762
9751088421 9775084221 9755084421
8655264432 6431088654 8732087622
865296432 763197633 844296552 762098733 964395531 863098632 965296431 873197622 865395432 753098643 954197541 883098612 976494321 874197522
86526432 64308654 83208762
865296432 763197633 844296552 762098733 964395531 863098632 965296431 873197622 865395432 753098643 954197541 883098612 976494321 874197522
8653266432 6433086654 8332087662
8653266432 6433086654 8332087662
8633086632 8633266632 6433266654 4332087666 8533176642 7533086643 8433086652
8633086632 8633266632 6433266654 4332087666 8533176642 7533086643 8433086652
865296432 763197633 844296552 762098733 964395531 863098632 965296431 873197622 865395432 753098643 954197541 883098612 976494321 874197522
8653266432 6433086654 8332087662
863098632 965296431 873197622 865395432 753098643 954197541 883098612 976494321 874197522 865296432 763197633 844296552 762098733 964395531
863098632 965296431 873197622 865395432 753098643 954197541 883098612 976494321 874197522 865296432 763197633 844296552 762098733 964395531
9753086421
8633086632 8633266632 6433266654 4332087666 8533176642 7533086643 8433086652
874197522 865296432 763197633 844296552 762098733 964395531 863098632 965296431 873197622 865395432 753098643 954197541 883098612 976494321
763197633 844296552 762098733 964395531 863098632 965296431 873197622 865395432 753098643 954197541 883098612 976494321 874197522 865296432
976494321 874197522 865296432 763197633 844296552 762098733 964395531 863098632 965296431 873197622 865395432 753098643 954197541 883098612
863098632 965296431 873197622 865395432 753098643 954197541 883098612 976494321 874197522 865296432 763197633 844296552 762098733 964395531
8653266432 6433086654 8332087662
8765264322 6543086544 8321088762
8653266432 6433086654 8332087662
8653266432 6433086654 8332087662
9751088421 9775084221 9755084421
8653266432 6433086654 8332087662
8653266432 6433086654 8332087662
86526432 64308654 83208762
8653266432 6433086654 8332087662
8653266432 6433086654 8332087662
863098632 965296431 873197622 865395432 753098643 954197541 883098612 976494321 874197522 865296432 763197633 844296552 762098733 964395531
9753086421
8633086632 8633266632 6433266654 4332087666 8533176642 7533086643 8433086652
8633086632 8633266632 6433266654 4332087666 8533176642 7533086643 8433086652
6543086544 8321088762 8765264322
8633086632 8633266632 6433266654 4332087666 8533176642 7533086643 8433086652
8655264432 6431088654 8732087622
8633086632 8633266632 6433266654 4332087666 8533176642 7533086643 8433086652
865296432 763197633 844296552 762098733 964395531 863098632 965296431 873197622 865395432 753098643 954197541 883098612 976494321 874197522
863098632 965296431 873197622 865395432 753098643 954197541 883098612 976494321 874197522 865296432 763197633 844296552 762098733 964395531
