863098632 965296431 873197622 865395432 753098643 954197541 883098612 976494321 874197522 865296432 763197633 844296552 762098733 964395531
6431088654 8732087622 8655264432
8653266432 6433086654 8332087662
763197633 844296552 762098733 964395531 863098632 965296431 873197622 865395432 753098643 954197541 883098612 976494321 874197522 865296432
8653266432 6433086654 8332087662
863098632 965296431 873197622 865395432 753098643 954197541 883098612 976494321 874197522 865296432 763197633 844296552 762098733 964395531
863098632 965296431 873197622 865395432 753098643 954197541 883098612 976494321 874197522 865296432 763197633 844296552 762098733 964395531
8655264432 6431088654 8732087622
6431088654 8732087622 8655264432
8653266432 6433086654 8332087662
863098632 965296431 873197622 865395432 753098643 954197541 883098612 976494321 874197522 865296432 763197633 844296552 762098733 964395531
86308632 86326632 64326654 43208766 85317642 75308643 84308652
8633086632 8633266632 6433266654 4332087666 8533176642 7533086643 8433086652
6431088654 8732087622 8655264432
6431088654 8732087622 8655264432
8655264432 6431088654 8732087622
8653266432 6433086654 8332087662
8429652 7619733 8439552 7509843 9529641 8719722 8649432 7519743
8633086632 8633266632 6433266654 4332087666 8533176642 7533086643 8433086652
863098632 965296431 873197622 865395432 753098643 954197541 883098612 976494321 874197522 865296432 763197633 844296552 762098733 964395531
863098632 965296431 873197622 865395432 753098643 954197541 883098612 976494321 874197522 865296432 763197633 844296552 762098733 964395531
8653266432 6433086654 8332087662
863098632 965296431 873197622 865395432 753098643 954197541 883098612 976494321 874197522 865296432 763197633 844296552 762098733 964395531
8653266432 6433086654 8332087662
8653266432 6433086654 8332087662
8653266432 6433086654 8332087662
8653266432 6433086654 8332087662
864197532
8653266432 6433086654 8332087662
8653266432 6433086654 8332087662
8655264432 6431088654 8732087622
8653266432 6433086654 8332087662
863098632 965296431 873197622 865395432 753098643 954197541 883098612 976494321 874197522 865296432 763197633 844296552 762098733 964395531
873197622 865395432 753098643 954197541 883098612 976494321 874197522 865296432 763197633 844296552 762098733 964395531 863098632 965296431
954197541 883098612 976494321 874197522 865296432 763197633 844296552 762098733 964395531 863098632 965296431 873197622 865395432 753098643
763197633 844296552 762098733 964395531 863098632 965296431 873197622 865395432 753098643 954197541 883098612 976494321 874197522 865296432
8633086632 8633266632 6433266654 4332087666 8533176642 7533086643 8433086652
863098632 965296431 873197622 865395432 753098643 954197541 883098612 976494321 874197522 865296432 763197633 844296552 762098733 964395531
8633086632 8633266632 6433266654 4332087666 8533176642 7533086643 8433086652
9753086421
863098632 965296431 873197622 865395432 753098643 954197541 883098612 976494321 874197522 865296432 763197633 844296552 762098733 964395531
863098632 965296431 873197622 865395432 753098643 954197541 883098612 976494321 874197522 865296432 763197633 844296552 762098733 964395531
863098632 965296431 873197622 865395432 753098643 954197541 883098612 976494321 874197522 865296432 763197633 844296552 762098733 964395531
863098632 965296431 873197622 865395432 753098643 954197541 883098612 976494321 874197522 865296432 763197633 844296552 762098733 964395531
6543086544 8321088762 8765264322
8433086652 8633086632 8633266632 6433266654 4332087666 8533176642 7533086643
6543086544 8321088762 8765264322
8429652 7619733 8439552 7509843 9529641 8719722 8649432 7519743
863098632 965296431 873197622 865395432 753098643 954197541 883098612 976494321 874197522 865296432 763197633 844296552 762098733 964395531
863098632 965296431 873197622 865395432 753098643 954197541 883098612 976494321 874197522 865296432 763197633 844296552 762098733 964395531
